2026-01-13T07:42:31Z | Stopping Flask (T01_handshake_server.py) ...
2026-01-13T07:42:32Z | No matching Flask process found.
2026-01-13T07:56:33Z | Stopping Flask ...
2026-01-13T07:56:33Z | No matching Flask process found.
2026-01-13T09:53:25Z | Stopping Flask ...
2026-01-13T09:53:25Z | Killing PID 19872 (python)
2026-01-13T09:53:27Z | OK: Flask stopped (health down).
2026-01-13T10:10:10Z | Stopping Flask ...
2026-01-13T10:10:10Z | Killing PID 17712 (python)
2026-01-13T10:10:12Z | OK: Flask stopped (health down).
2026-01-13T14:39:31Z | Stopping Flask ...
2026-01-13T14:39:31Z | No matching Flask process found.
2026-01-13T14:44:52Z | Stopping Flask ...
2026-01-13T14:44:52Z | No matching Flask process found.
2026-01-13T15:06:53Z | Stopping Flask ...
2026-01-13T15:06:53Z | Killing PID 2476 (python)
2026-01-13T15:06:56Z | OK: Flask stopped (health down).
2026-01-13T15:12:03Z | Stopping Flask ...
2026-01-13T15:12:03Z | Killing PID 15120 (python)
2026-01-13T15:12:05Z | OK: Flask stopped (health down).
2026-01-13T15:14:53Z | Stopping Flask ...
2026-01-13T15:14:53Z | Killing PID 3272 (python)
2026-01-13T15:14:56Z | OK: Flask stopped (health down).
