2026-01-13T07:42:42Z | Stopping cloudflared tunnel run dbb-bridge-5055 ...
2026-01-13T07:42:42Z | Killing PID 1108 | "C:\Users\MAIN\AppData\Local\Microsoft\WinGet\Links\cloudflared.exe" tunnel run dbb-bridge-5055
2026-01-13T07:42:42Z | Stopped 1 cloudflared process(es).
2026-01-13T08:13:28Z | Stopping cloudflared tunnel run dbb-bridge-5055 ...
2026-01-13T08:13:28Z | No matching cloudflared tunnel run process found for tunnel 'dbb-bridge-5055'. Nothing to stop.
2026-01-13T08:36:04Z | Stopping cloudflared tunnel run dbb-bridge-5055 ...
2026-01-13T08:36:04Z | No matching cloudflared tunnel run process found for tunnel 'dbb-bridge-5055'. Nothing to stop.
2026-01-13T08:45:12Z | Stopping cloudflared tunnel run dbb-bridge-5055 ...
2026-01-13T08:45:12Z | Killing PID 16124 | "C:\Users\MAIN\AppData\Local\Microsoft\WinGet\Links\cloudflared.exe" tunnel run dbb-bridge-5055
2026-01-13T08:45:12Z | Stopped 1 cloudflared process(es).
2026-01-13T08:53:09Z | Stopping cloudflared tunnel run dbb-bridge-5055 ...
2026-01-13T08:53:10Z | No matching cloudflared tunnel run process found for tunnel 'dbb-bridge-5055'. Nothing to stop.
2026-01-13T09:16:02Z | Stopping cloudflared tunnel run dbb-bridge-5055 ...
2026-01-13T09:16:02Z | Killing PID 22472 | "C:\Users\MAIN\AppData\Local\Microsoft\WinGet\Links\cloudflared.exe" --protocol http2 --edge-ip-version 4 tunnel run dbb-bridge-5055
2026-01-13T09:16:02Z | Stopped 1 cloudflared process(es).
2026-01-13T09:53:24Z | Stopping cloudflared tunnel run dbb-bridge-5055 ...
2026-01-13T09:53:24Z | Killing PID 19200 | "C:\Users\MAIN\AppData\Local\Microsoft\WinGet\Links\cloudflared.exe" --protocol http2 --edge-ip-version 4 tunnel run dbb-bridge-5055
2026-01-13T09:53:24Z | Stopped 1 cloudflared process(es).
2026-01-13T09:55:42Z | Stopping cloudflared tunnel run dbb-bridge-5055 ...
2026-01-13T10:09:37Z | Stopping cloudflared tunnel run dbb-bridge-5055 ...
2026-01-13T14:39:30Z | Stopping cloudflared tunnel run dbb-bridge-5055 ...
2026-01-13T14:39:30Z | Killing PID 6244 | "C:\Users\MAIN\AppData\Local\Microsoft\WinGet\Links\cloudflared.exe" --protocol http2 --edge-ip-version 4 tunnel run dbb-bridge-5055
2026-01-13T14:39:30Z | Stopped via tunnel.pid.
2026-01-13T14:41:36Z | Stopping cloudflared tunnel run dbb-bridge-5055 ...
2026-01-13T14:41:36Z | No matching cloudflared tunnel run process found for tunnel 'dbb-bridge-5055'. Nothing to stop.
2026-01-13T14:44:14Z | Stopping cloudflared tunnel run dbb-bridge-5055 ...
2026-01-13T14:44:14Z | No matching cloudflared tunnel run process found for tunnel 'dbb-bridge-5055'. Nothing to stop.
2026-01-13T15:06:43Z | Stopping cloudflared tunnel run dbb-bridge-5055 ...
2026-01-13T15:06:43Z | Killing PID 4968 | "C:\Users\MAIN\AppData\Local\Microsoft\WinGet\Packages\Cloudflare.cloudflared_Microsoft.Winget.Source_8wekyb3d8bbwe\cloudflared.exe" --protocol http2 --edge-ip-version 4 tunnel run dbb-bridge-5055
2026-01-13T15:06:43Z | Stopped via tunnel.pid.
2026-01-13T15:12:03Z | Stopping cloudflared tunnel run dbb-bridge-5055 ...
2026-01-13T15:12:03Z | Killing PID 21076 | "C:\Users\MAIN\AppData\Local\Microsoft\WinGet\Packages\Cloudflare.cloudflared_Microsoft.Winget.Source_8wekyb3d8bbwe\cloudflared.exe" --protocol http2 --edge-ip-version 4 tunnel run dbb-bridge-5055
2026-01-13T15:12:03Z | Stopped via tunnel.pid.
2026-01-13T15:13:41Z | Stopping cloudflared tunnel run dbb-bridge-5055 ...
2026-01-13T15:13:41Z | Killing PID 10288 | "C:\Users\MAIN\AppData\Local\Microsoft\WinGet\Packages\Cloudflare.cloudflared_Microsoft.Winget.Source_8wekyb3d8bbwe\cloudflared.exe" --protocol http2 --edge-ip-version 4 tunnel run dbb-bridge-5055
2026-01-13T15:13:41Z | Stopped via tunnel.pid.
2026-01-13T15:17:00Z | Stopping cloudflared tunnel run dbb-bridge-5055 ...
2026-01-13T15:17:00Z | Killing PID 3360 | "C:\Users\MAIN\AppData\Local\Microsoft\WinGet\Packages\Cloudflare.cloudflared_Microsoft.Winget.Source_8wekyb3d8bbwe\cloudflared.exe" --protocol http2 --edge-ip-version 4 tunnel run dbb-bridge-5055
2026-01-13T15:17:00Z | Stopped via tunnel.pid.
